<?xml version="1.0" encoding="UTF-8" ?>
<testsuite errors="0" failures="0" hostname="fv-az88" name="org.modelingvalue.collections.test.ListTest" skipped="0" tests="7" time="32.895" timestamp="2019-11-26T12:44:26">
  <properties>
    <property name="ant.library.dir" value="/usr/share/ant/lib" />
    <property name="awt.toolkit" value="sun.awt.X11.XToolkit" />
    <property name="ant.file.type" value="file" />
    <property name="java.specification.version" value="11" />
    <property name="ant.project.name" value="test" />
    <property name="sun.cpu.isalist" value="" />
    <property name="sun.jnu.encoding" value="UTF-8" />
    <property name="java.class.path" value="/home/runner/work/immutable-collections/immutable-collections/lib/junit-4.12.jar:/home/runner/work/immutable-collections/immutable-collections/lib/hamcrest-core-1.3.jar:/home/runner/work/immutable-collections/immutable-collections/out/production/build:/home/runner/work/immutable-collections/immutable-collections/out/production/immutable-collections:/home/runner/work/immutable-collections/immutable-collections/out/test/immutable-collections:/usr/share/java/ant-launcher-1.10.5.jar:/usr/share/ant/lib/ant.jar:/usr/share/ant/lib/ant-junit.jar:/usr/share/ant/lib/ant-junit4.jar" />
    <property name="java.vm.vendor" value="Azul Systems, Inc." />
    <property name="sun.arch.data.model" value="64" />
    <property name="java.vendor.url" value="http://www.azulsystems.com/" />
    <property name="user.timezone" value="" />
    <property name="java.vm.specification.version" value="11" />
    <property name="os.name" value="Linux" />
    <property name="sun.java.launcher" value="SUN_STANDARD" />
    <property name="sun.boot.library.path" value="/opt/hostedtoolcache/jdk/11.0.5/x64/lib" />
    <property name="sun.java.command" value="org.apache.tools.ant.taskdefs.optional.junit.JUnitTestRunner testsfile=/home/runner/work/immutable-collections/immutable-collections/junittestcases10595168966933768601.properties skipNonTests=false filtertrace=true haltOnError=false haltOnFailure=true showoutput=false outputtoformatters=true logfailedtests=true threadid=0 logtestlistenerevents=false formatter=org.apache.tools.ant.taskdefs.optional.junit.XMLJUnitResultFormatter,/home/runner/work/immutable-collections/immutable-collections/IGNORETHIS.xml crashfile=/home/runner/work/immutable-collections/immutable-collections/junitvmwatcher5912796945249438359.properties propsfile=/home/runner/work/immutable-collections/immutable-collections/junit14843508393833370806.properties" />
    <property name="jdk.debug" value="release" />
    <property name="sun.cpu.endian" value="little" />
    <property name="user.home" value="/home/runner" />
    <property name="user.language" value="en" />
    <property name="java.specification.vendor" value="Oracle Corporation" />
    <property name="java.version.date" value="2019-10-15" />
    <property name="java.home" value="/opt/hostedtoolcache/jdk/11.0.5/x64" />
    <property name="file.separator" value="/" />
    <property name="basedir" value="/home/runner/work/immutable-collections/immutable-collections" />
    <property name="java.vm.compressedOopsMode" value="32-bit" />
    <property name="line.separator" value="&#xa;" />
    <property name="ant.java.version" value="11" />
    <property name="java.specification.name" value="Java Platform API Specification" />
    <property name="java.vm.specification.vendor" value="Oracle Corporation" />
    <property name="java.awt.graphicsenv" value="sun.awt.X11GraphicsEnvironment" />
    <property name="ant.file.type.test" value="file" />
    <property name="sun.management.compiler" value="HotSpot 64-Bit Tiered Compilers" />
    <property name="java.runtime.version" value="11.0.5+10-LTS" />
    <property name="user.name" value="runner" />
    <property name="ant.file" value="/home/runner/work/immutable-collections/immutable-collections/test.xml" />
    <property name="path.separator" value=":" />
    <property name="os.version" value="5.0.0-1023-azure" />
    <property name="java.runtime.name" value="OpenJDK Runtime Environment" />
    <property name="ant.project.invoked-targets" value="all" />
    <property name="file.encoding" value="UTF-8" />
    <property name="java.vm.name" value="OpenJDK 64-Bit Server VM" />
    <property name="java.vendor.version" value="Zulu11.35+15-CA" />
    <property name="ant.file.test" value="/home/runner/work/immutable-collections/immutable-collections/test.xml" />
    <property name="ant.core.lib" value="/usr/share/ant/lib/ant.jar" />
    <property name="java.vendor.url.bug" value="http://www.azulsystems.com/support/" />
    <property name="java.io.tmpdir" value="/tmp" />
    <property name="java.version" value="11.0.5" />
    <property name="user.dir" value="/home/runner/work/immutable-collections/immutable-collections" />
    <property name="os.arch" value="amd64" />
    <property name="java.vm.specification.name" value="Java Virtual Machine Specification" />
    <property name="java.awt.printerjob" value="sun.print.PSPrinterJob" />
    <property name="ant.home" value="/usr/share/ant" />
    <property name="sun.os.patch.level" value="unknown" />
    <property name="ant.version" value="Apache Ant(TM) version 1.10.5 compiled on March 28 2019" />
    <property name="java.library.path" value="/usr/java/packages/lib:/usr/lib64:/lib64:/lib:/usr/lib" />
    <property name="java.vm.info" value="mixed mode" />
    <property name="java.vendor" value="Azul Systems, Inc." />
    <property name="java.vm.version" value="11.0.5+10-LTS" />
    <property name="sun.io.unicode.encoding" value="UnicodeLittle" />
    <property name="java.class.version" value="55.0" />
    <property name="ant.project.default-target" value="all" />
  </properties>
  <testcase classname="org.modelingvalue.collections.test.ListTest" name="orderSpliteratorTest" time="17.059" />
  <testcase classname="org.modelingvalue.collections.test.ListTest" name="random" time="0.035" />
  <testcase classname="org.modelingvalue.collections.test.ListTest" name="reuseTest" time="0.013" />
  <testcase classname="org.modelingvalue.collections.test.ListTest" name="basicListOperations" time="0.013" />
  <testcase classname="org.modelingvalue.collections.test.ListTest" name="test" time="3.28" />
  <testcase classname="org.modelingvalue.collections.test.ListTest" name="compare" time="0.003" />
  <testcase classname="org.modelingvalue.collections.test.ListTest" name="reverse" time="12.481" />
  <system-out><![CDATA[]]></system-out>
  <system-err><![CDATA[List[24,25,26,27,28,29,30,31,16,17,18,19,20,21,22,23,8,9,10,11,12,13,14,15,0,1,2,3,4,5,6,7,56,57,58,59,60,61,62,63,48,49,50,51,52,53,54,55,40,41,42,43,44,45,46,47,32,33,34,35,36,37,38,39]
List[40,41,42,43,44,45,46,47,32,33,34,35,36,37,38,39,56,57,58,59,60,61,62,63,48,49,50,51,52,53,54,55,8,9,10,11,12,13,14,15,0,1,2,3,4,5,6,7,24,25,26,27,28,29,30,31,16,17,18,19,20,21,22,23]
List[38,39,36,37,34,35,32,33,46,47,44,45,42,43,40,41,54,55,52,53,50,51,48,49,62,63,60,61,58,59,56,57,6,7,4,5,2,3,0,1,14,15,12,13,10,11,8,9,22,23,20,21,18,19,16,17,30,31,28,29,26,27,24,25]
List[17,16,19,18,21,20,23,22,25,24,27,26,29,28,31,30,1,0,3,2,5,4,7,6,9,8,11,10,13,12,15,14,49,48,51,50,53,52,55,54,57,56,59,58,61,60,63,62,33,32,35,34,37,36,39,38,41,40,43,42,45,44,47,46]
List[24,25,26,27,28,29,30,31,16,17,18,19,20,21,22,23,8,9,10,11,12,13,14,15,0,1,2,3,4,5,6,7,56,57,58,59,60,61,62,63,48,49,50,51,52,53,54,55,40,41,42,43,44,45,46,47,32,33,34,35,36,37,38,39]
List[63,62,61,60,59,58,57,56,55,54,53,52,51,50,49,48,47,46,45,44,43,42,41,40,39,38,37,36,35,34,33,32,31,30,29,28,27,26,25,24,23,22,21,20,19,18,17,16,15,14,13,12,11,10,9,8,7,6,5,4,3,2,1,0]
List[8,9,10,11,12,13,14,15,0,1,2,3,4,5,6,7,24,25,26,27,28,29,30,31,16,17,18,19,20,21,22,23,40,41,42,43,44,45,46,47,32,33,34,35,36,37,38,39,56,57,58,59,60,61,62,63,48,49,50,51,52,53,54,55]
List[6,7,4,5,2,3,0,1,14,15,12,13,10,11,8,9,22,23,20,21,18,19,16,17,30,31,28,29,26,27,24,25,38,39,36,37,34,35,32,33,46,47,44,45,42,43,40,41,54,55,52,53,50,51,48,49,62,63,60,61,58,59,56,57]
List[11,10,9,8,15,14,13,12,3,2,1,0,7,6,5,4,27,26,25,24,31,30,29,28,19,18,17,16,23,22,21,20,43,42,41,40,47,46,45,44,35,34,33,32,39,38,37,36,59,58,57,56,63,62,61,60,51,50,49,48,55,54,53,52]
List[43,42,41,40,47,46,45,44,35,34,33,32,39,38,37,36,59,58,57,56,63,62,61,60,51,50,49,48,55,54,53,52,11,10,9,8,15,14,13,12,3,2,1,0,7,6,5,4,27,26,25,24,31,30,29,28,19,18,17,16,23,22,21,20]
List[[a],[b]]
List[253781164,543189022]
List[[b],[b]]
List[253781164,543189022]
List[a,b,c,d,e,f]
[[c,d], [a,b,c,d], [c,d,e,f]]
[[c,d], [a,b,c,d], c]
[[c,d], [a,b,c,d], d]
[[c,d], [a,b,c,d], e]
[[c,d], [a,b,c,d], f]
[[c,d], a, [c,d,e,f]]
[[c,d], a, c]
[[c,d], a, d]
[[c,d], a, e]
[[c,d], a, f]
[[c,d], b, [c,d,e,f]]
[[c,d], b, c]
[[c,d], b, d]
[[c,d], b, e]
[[c,d], b, f]
[[c,d], c, [c,d,e,f]]
[[c,d], c, c]
[[c,d], c, d]
[[c,d], c, e]
[[c,d], c, f]
[[c,d], d, [c,d,e,f]]
[[c,d], d, c]
[[c,d], d, d]
[[c,d], d, e]
[[c,d], d, f]
[c, [a,b,c,d], [c,d,e,f]]
[c, [a,b,c,d], c]
[c, [a,b,c,d], d]
[c, [a,b,c,d], e]
[c, [a,b,c,d], f]
[c, a, [c,d,e,f]]
[c, a, c]
[c, a, d]
[c, a, e]
[c, a, f]
[c, b, [c,d,e,f]]
[c, b, c]
[c, b, d]
[c, b, e]
[c, b, f]
[c, c, [c,d,e,f]]
[c, c, c]
[c, c, d]
[c, c, e]
[c, c, f]
[c, d, [c,d,e,f]]
[c, d, c]
[c, d, d]
[c, d, e]
[c, d, f]
[d, [a,b,c,d], [c,d,e,f]]
[d, [a,b,c,d], c]
[d, [a,b,c,d], d]
[d, [a,b,c,d], e]
[d, [a,b,c,d], f]
[d, a, [c,d,e,f]]
[d, a, c]
[d, a, d]
[d, a, e]
[d, a, f]
[d, b, [c,d,e,f]]
[d, b, c]
[d, b, d]
[d, b, e]
[d, b, f]
[d, c, [c,d,e,f]]
[d, c, c]
[d, c, d]
[d, c, e]
[d, c, f]
[d, d, [c,d,e,f]]
[d, d, c]
[d, d, d]
[d, d, e]
[d, d, f]
...
[[a,b], [x,y], [p,q]]
[[a,b], [x,y], p]
[[a,b], [x,y], q]
[[a,b], x, [p,q]]
[[a,b], x, p]
[[a,b], x, q]
[[a,b], y, [p,q]]
[[a,b], y, p]
[[a,b], y, q]
[a, [x,y], [p,q]]
[a, [x,y], p]
[a, [x,y], q]
[a, x, [p,q]]
[a, x, p]
[a, x, q]
[a, y, [p,q]]
[a, y, p]
[a, y, q]
[b, [x,y], [p,q]]
[b, [x,y], p]
[b, [x,y], q]
[b, x, [p,q]]
[b, x, p]
[b, x, q]
[b, y, [p,q]]
[b, y, p]
[b, y, q]
]]></system-err>
</testsuite>
