<?xml version="1.0" encoding="UTF-8" ?>
<testsuite errors="0" failures="0" hostname="fv-az88" name="org.modelingvalue.collections.test.LambdaTest" skipped="0" tests="1" time="0.058" timestamp="2019-11-26T12:44:25">
  <properties>
    <property name="ant.library.dir" value="/usr/share/ant/lib" />
    <property name="awt.toolkit" value="sun.awt.X11.XToolkit" />
    <property name="ant.file.type" value="file" />
    <property name="java.specification.version" value="11" />
    <property name="ant.project.name" value="test" />
    <property name="sun.cpu.isalist" value="" />
    <property name="sun.jnu.encoding" value="UTF-8" />
    <property name="java.class.path" value="/home/runner/work/immutable-collections/immutable-collections/lib/junit-4.12.jar:/home/runner/work/immutable-collections/immutable-collections/lib/hamcrest-core-1.3.jar:/home/runner/work/immutable-collections/immutable-collections/out/production/build:/home/runner/work/immutable-collections/immutable-collections/out/production/immutable-collections:/home/runner/work/immutable-collections/immutable-collections/out/test/immutable-collections:/usr/share/java/ant-launcher-1.10.5.jar:/usr/share/ant/lib/ant.jar:/usr/share/ant/lib/ant-junit.jar:/usr/share/ant/lib/ant-junit4.jar" />
    <property name="java.vm.vendor" value="Azul Systems, Inc." />
    <property name="sun.arch.data.model" value="64" />
    <property name="java.vendor.url" value="http://www.azulsystems.com/" />
    <property name="user.timezone" value="" />
    <property name="java.vm.specification.version" value="11" />
    <property name="os.name" value="Linux" />
    <property name="sun.java.launcher" value="SUN_STANDARD" />
    <property name="sun.boot.library.path" value="/opt/hostedtoolcache/jdk/11.0.5/x64/lib" />
    <property name="sun.java.command" value="org.apache.tools.ant.taskdefs.optional.junit.JUnitTestRunner testsfile=/home/runner/work/immutable-collections/immutable-collections/junittestcases10595168966933768601.properties skipNonTests=false filtertrace=true haltOnError=false haltOnFailure=true showoutput=false outputtoformatters=true logfailedtests=true threadid=0 logtestlistenerevents=false formatter=org.apache.tools.ant.taskdefs.optional.junit.XMLJUnitResultFormatter,/home/runner/work/immutable-collections/immutable-collections/IGNORETHIS.xml crashfile=/home/runner/work/immutable-collections/immutable-collections/junitvmwatcher5912796945249438359.properties propsfile=/home/runner/work/immutable-collections/immutable-collections/junit14843508393833370806.properties" />
    <property name="jdk.debug" value="release" />
    <property name="sun.cpu.endian" value="little" />
    <property name="user.home" value="/home/runner" />
    <property name="user.language" value="en" />
    <property name="java.specification.vendor" value="Oracle Corporation" />
    <property name="java.version.date" value="2019-10-15" />
    <property name="java.home" value="/opt/hostedtoolcache/jdk/11.0.5/x64" />
    <property name="file.separator" value="/" />
    <property name="basedir" value="/home/runner/work/immutable-collections/immutable-collections" />
    <property name="java.vm.compressedOopsMode" value="32-bit" />
    <property name="line.separator" value="&#xa;" />
    <property name="ant.java.version" value="11" />
    <property name="java.specification.name" value="Java Platform API Specification" />
    <property name="java.vm.specification.vendor" value="Oracle Corporation" />
    <property name="java.awt.graphicsenv" value="sun.awt.X11GraphicsEnvironment" />
    <property name="ant.file.type.test" value="file" />
    <property name="sun.management.compiler" value="HotSpot 64-Bit Tiered Compilers" />
    <property name="java.runtime.version" value="11.0.5+10-LTS" />
    <property name="user.name" value="runner" />
    <property name="ant.file" value="/home/runner/work/immutable-collections/immutable-collections/test.xml" />
    <property name="path.separator" value=":" />
    <property name="os.version" value="5.0.0-1023-azure" />
    <property name="java.runtime.name" value="OpenJDK Runtime Environment" />
    <property name="ant.project.invoked-targets" value="all" />
    <property name="file.encoding" value="UTF-8" />
    <property name="java.vm.name" value="OpenJDK 64-Bit Server VM" />
    <property name="java.vendor.version" value="Zulu11.35+15-CA" />
    <property name="ant.file.test" value="/home/runner/work/immutable-collections/immutable-collections/test.xml" />
    <property name="ant.core.lib" value="/usr/share/ant/lib/ant.jar" />
    <property name="java.vendor.url.bug" value="http://www.azulsystems.com/support/" />
    <property name="java.io.tmpdir" value="/tmp" />
    <property name="java.version" value="11.0.5" />
    <property name="user.dir" value="/home/runner/work/immutable-collections/immutable-collections" />
    <property name="os.arch" value="amd64" />
    <property name="java.vm.specification.name" value="Java Virtual Machine Specification" />
    <property name="java.awt.printerjob" value="sun.print.PSPrinterJob" />
    <property name="ant.home" value="/usr/share/ant" />
    <property name="sun.os.patch.level" value="unknown" />
    <property name="ant.version" value="Apache Ant(TM) version 1.10.5 compiled on March 28 2019" />
    <property name="java.library.path" value="/usr/java/packages/lib:/usr/lib64:/lib64:/lib:/usr/lib" />
    <property name="java.vm.info" value="mixed mode" />
    <property name="java.vendor" value="Azul Systems, Inc." />
    <property name="java.vm.version" value="11.0.5+10-LTS" />
    <property name="sun.io.unicode.encoding" value="UnicodeLittle" />
    <property name="java.class.version" value="55.0" />
    <property name="ant.project.default-target" value="all" />
  </properties>
  <testcase classname="org.modelingvalue.collections.test.LambdaTest" name="lambdaReflection" time="0.047" />
  <system-out><![CDATA[]]></system-out>
  <system-err><![CDATA[]]></system-err>
</testsuite>
