<?xml version="1.0" encoding="UTF-8" ?>
<testsuite errors="0" failures="0" hostname="fv-az95" name="org.modelingvalue.collections.test.SetTest" skipped="0" tests="7" time="31.368" timestamp="2019-11-26T13:12:54">
  <properties>
    <property name="ant.library.dir" value="/usr/share/ant/lib" />
    <property name="jdk.home.11" value="/opt/hostedtoolcache/jdk/11.0.5/x64" />
    <property name="awt.toolkit" value="sun.awt.X11.XToolkit" />
    <property name="ant.file.type" value="file" />
    <property name="java.specification.version" value="11" />
    <property name="ant.project.name" value="test" />
    <property name="sun.cpu.isalist" value="" />
    <property name="sun.jnu.encoding" value="UTF-8" />
    <property name="java.class.path" value="/home/runner/.m2/repository/junit/junit/4.12/junit-4.12.jar:/home/runner/.m2/repository/org/hamcrest/hamcrest-core/1.3/hamcrest-core-1.3.jar:/home/runner/work/immutable-collections/immutable-collections/out/production/build:/home/runner/work/immutable-collections/immutable-collections/out/production/immutable-collections:/home/runner/work/immutable-collections/immutable-collections/out/test/immutable-collections:/usr/share/java/ant-launcher-1.10.5.jar:/usr/share/ant/lib/ant.jar:/usr/share/ant/lib/ant-junit.jar:/usr/share/ant/lib/ant-junit4.jar" />
    <property name="java.vm.vendor" value="Azul Systems, Inc." />
    <property name="sun.arch.data.model" value="64" />
    <property name="java.vendor.url" value="http://www.azulsystems.com/" />
    <property name="user.timezone" value="" />
    <property name="os.name" value="Linux" />
    <property name="java.vm.specification.version" value="11" />
    <property name="sun.java.launcher" value="SUN_STANDARD" />
    <property name="sun.boot.library.path" value="/opt/hostedtoolcache/jdk/11.0.5/x64/lib" />
    <property name="sun.java.command" value="org.apache.tools.ant.taskdefs.optional.junit.JUnitTestRunner testsfile=/home/runner/work/immutable-collections/immutable-collections/junittestcases13927702928799109149.properties skipNonTests=false filtertrace=true haltOnError=false haltOnFailure=true showoutput=false outputtoformatters=true logfailedtests=true threadid=0 logtestlistenerevents=false formatter=org.apache.tools.ant.taskdefs.optional.junit.XMLJUnitResultFormatter,/home/runner/work/immutable-collections/immutable-collections/IGNORETHIS.xml crashfile=/home/runner/work/immutable-collections/immutable-collections/junitvmwatcher5383423033995745919.properties propsfile=/home/runner/work/immutable-collections/immutable-collections/junit12772124697464212806.properties" />
    <property name="jdk.debug" value="release" />
    <property name="sun.cpu.endian" value="little" />
    <property name="user.home" value="/home/runner" />
    <property name="user.language" value="en" />
    <property name="java.specification.vendor" value="Oracle Corporation" />
    <property name="java.version.date" value="2019-10-15" />
    <property name="java.home" value="/opt/hostedtoolcache/jdk/11.0.5/x64" />
    <property name="basedir" value="/home/runner/work/immutable-collections/immutable-collections" />
    <property name="file.separator" value="/" />
    <property name="java.vm.compressedOopsMode" value="32-bit" />
    <property name="line.separator" value="&#xa;" />
    <property name="ant.java.version" value="11" />
    <property name="java.vm.specification.vendor" value="Oracle Corporation" />
    <property name="java.specification.name" value="Java Platform API Specification" />
    <property name="java.awt.graphicsenv" value="sun.awt.X11GraphicsEnvironment" />
    <property name="ant.file.type.test" value="file" />
    <property name="sun.management.compiler" value="HotSpot 64-Bit Tiered Compilers" />
    <property name="java.runtime.version" value="11.0.5+10-LTS" />
    <property name="user.name" value="runner" />
    <property name="ant.file" value="/home/runner/work/immutable-collections/immutable-collections/test.xml" />
    <property name="path.separator" value=":" />
    <property name="os.version" value="5.0.0-1023-azure" />
    <property name="java.runtime.name" value="OpenJDK Runtime Environment" />
    <property name="ant.project.invoked-targets" value="all" />
    <property name="file.encoding" value="UTF-8" />
    <property name="java.vm.name" value="OpenJDK 64-Bit Server VM" />
    <property name="java.vendor.version" value="Zulu11.35+15-CA" />
    <property name="ant.file.test" value="/home/runner/work/immutable-collections/immutable-collections/test.xml" />
    <property name="ant.core.lib" value="/usr/share/ant/lib/ant.jar" />
    <property name="java.vendor.url.bug" value="http://www.azulsystems.com/support/" />
    <property name="java.io.tmpdir" value="/tmp" />
    <property name="java.version" value="11.0.5" />
    <property name="user.dir" value="/home/runner/work/immutable-collections/immutable-collections" />
    <property name="os.arch" value="amd64" />
    <property name="java.vm.specification.name" value="Java Virtual Machine Specification" />
    <property name="java.awt.printerjob" value="sun.print.PSPrinterJob" />
    <property name="ant.home" value="/usr/share/ant" />
    <property name="sun.os.patch.level" value="unknown" />
    <property name="ant.version" value="Apache Ant(TM) version 1.10.5 compiled on March 28 2019" />
    <property name="java.library.path" value="/usr/java/packages/lib:/usr/lib64:/lib64:/lib:/usr/lib" />
    <property name="java.vendor" value="Azul Systems, Inc." />
    <property name="java.vm.info" value="mixed mode" />
    <property name="java.vm.version" value="11.0.5+10-LTS" />
    <property name="path.variable.maven_repository" value="/home/runner/.m2/repository" />
    <property name="sun.io.unicode.encoding" value="UnicodeLittle" />
    <property name="java.class.version" value="55.0" />
    <property name="ant.project.default-target" value="all" />
  </properties>
  <testcase classname="org.modelingvalue.collections.test.SetTest" name="equalHashesTest" time="0.001" />
  <testcase classname="org.modelingvalue.collections.test.SetTest" name="subsetTest" time="2.786" />
  <testcase classname="org.modelingvalue.collections.test.SetTest" name="bigTest" time="7.644" />
  <testcase classname="org.modelingvalue.collections.test.SetTest" name="test" time="0.003" />
  <testcase classname="org.modelingvalue.collections.test.SetTest" name="merge" time="0.009" />
  <testcase classname="org.modelingvalue.collections.test.SetTest" name="randomtest" time="13.411" />
  <testcase classname="org.modelingvalue.collections.test.SetTest" name="equaltest" time="7.511" />
  <system-out><![CDATA[]]></system-out>
  <system-err><![CDATA[9.223372036854741E25 / 10000000 = 9.223372036854741E18
Set[aap,jet,mies,noot,teun]
Set[aap,jet,mies,noot,teun]

[Set[-2000,-1900,-1800], null]
[null, Set[1800,1900,2000]]

[Set[20], null]

[null, Set[10]]
[Set[0], null]
[Set[30], null]
[Set[40], null]
[null, Set[-100,-99,-98,-70]]

[Set[0], null]
[null, Set[10]]
[Set[30], null]
[null, Set[70,98,99,100]]

[Set[20], null]
[Set[21], null]
[Set[22], null]
[Set[23], null]
[Set[24], null]
[Set[25], null]
[Set[26], null]
[Set[27], null]
[Set[28], null]
[Set[29], null]
[Set[30], null]
[Set[31], null]
[Set[32], null]
[Set[33], null]
[Set[34], null]
[Set[35], null]
[Set[36], null]
[Set[37], null]
[Set[38], null]
[Set[39], null]
[null, Set[100]]
[null, Set[101]]
[null, Set[102]]
[null, Set[103]]
[null, Set[104]]
[null, Set[105]]
[null, Set[106]]
[null, Set[107]]
[null, Set[108]]
[null, Set[109]]
[null, Set[110]]
[null, Set[111]]
[null, Set[112]]
[null, Set[113]]
[null, Set[114]]
[null, Set[115]]
[null, Set[116]]
[null, Set[117]]
[null, Set[118]]
[null, Set[119]]

[null, Set[10]]
[Set[0], null]
[Set[1], null]
[Set[2], null]
[Set[3], null]
[Set[4], null]
[Set[5], null]
[Set[6], null]
[Set[7], null]
[Set[8], null]
[Set[9], null]
1st equals run = 117
2nd equals run = 0
]]></system-err>
</testsuite>
